Determining if the pthread_create exist failed with the following output:
Change Dir: /home/phw/catkin_ws/build/CMakeFiles/CMakeTmp

Run Build Command:"/usr/bin/make" "cmTC_eefeb/fast"
/usr/bin/make -f CMakeFiles/cmTC_eefeb.dir/build.make CMakeFiles/cmTC_eefeb.dir/build
make[1]: Entering directory '/home/phw/catkin_ws/build/CMakeFiles/CMakeTmp'
Building C object CMakeFiles/cmTC_eefeb.dir/CheckSymbolExists.c.o
/usr/bin/cc     -o CMakeFiles/cmTC_eefeb.dir/CheckSymbolExists.c.o   -c /home/phw/catkin_ws/build/CMakeFiles/CMakeTmp/CheckSymbolExists.c
Linking C executable cmTC_eefeb
/usr/bin/cmake -E cmake_link_script CMakeFiles/cmTC_eefeb.dir/link.txt --verbose=1
/usr/bin/cc       CMakeFiles/cmTC_eefeb.dir/CheckSymbolExists.c.o  -o cmTC_eefeb -rdynamic 
CMakeFiles/cmTC_eefeb.dir/CheckSymbolExists.c.o: In function `main':
CheckSymbolExists.c:(.text+0x16): undefined reference to `pthread_create'
collect2: error: ld returned 1 exit status
CMakeFiles/cmTC_eefeb.dir/build.make:97: recipe for target 'cmTC_eefeb' failed
make[1]: *** [cmTC_eefeb] Error 1
make[1]: Leaving directory '/home/phw/catkin_ws/build/CMakeFiles/CMakeTmp'
Makefile:126: recipe for target 'cmTC_eefeb/fast' failed
make: *** [cmTC_eefeb/fast] Error 2

File /home/phw/catkin_ws/build/CMakeFiles/CMakeTmp/CheckSymbolExists.c:
/* */
#include <pthread.h>

int main(int argc, char** argv)
{
  (void)argv;
#ifndef pthread_create
  return ((int*)(&pthread_create))[argc];
#else
  (void)argc;
  return 0;
#endif
}

Determining if the function pthread_create exists in the pthreads failed with the following output:
Change Dir: /home/phw/catkin_ws/build/CMakeFiles/CMakeTmp

Run Build Command:"/usr/bin/make" "cmTC_16d88/fast"
/usr/bin/make -f CMakeFiles/cmTC_16d88.dir/build.make CMakeFiles/cmTC_16d88.dir/build
make[1]: Entering directory '/home/phw/catkin_ws/build/CMakeFiles/CMakeTmp'
Building C object CMakeFiles/cmTC_16d88.dir/CheckFunctionExists.c.o
/usr/bin/cc    -DCHECK_FUNCTION_EXISTS=pthread_create   -o CMakeFiles/cmTC_16d88.dir/CheckFunctionExists.c.o   -c /usr/share/cmake-3.5/Modules/CheckFunctionExists.c
Linking C executable cmTC_16d88
/usr/bin/cmake -E cmake_link_script CMakeFiles/cmTC_16d88.dir/link.txt --verbose=1
/usr/bin/cc   -DCHECK_FUNCTION_EXISTS=pthread_create    CMakeFiles/cmTC_16d88.dir/CheckFunctionExists.c.o  -o cmTC_16d88 -rdynamic -lpthreads 
/usr/bin/ld: cannot find -lpthreads
collect2: error: ld returned 1 exit status
CMakeFiles/cmTC_16d88.dir/build.make:97: recipe for target 'cmTC_16d88' failed
make[1]: *** [cmTC_16d88] Error 1
make[1]: Leaving directory '/home/phw/catkin_ws/build/CMakeFiles/CMakeTmp'
Makefile:126: recipe for target 'cmTC_16d88/fast' failed
make: *** [cmTC_16d88/fast] Error 2


